# JRE version: OpenJDK Runtime Environment (8.0_242-b01) (build 1.8.0_242-release-1644-b01)
# Java VM: OpenJDK 64-Bit Server VM (25.242-b01 mixed mode windows-amd64 compressed oops)
Heap:
 PSYoungGen      total 179200K, used 151262K [0x00000000d5580000, 0x00000000e2100000, 0x0000000100000000)
  eden space 169472K, 83% used [0x00000000d5580000,0x00000000de0005e8,0x00000000dfb00000)
  from space 9728K, 97% used [0x00000000e1780000,0x00000000e20b72b0,0x00000000e2100000)
  to   space 13312K, 0% used [0x00000000e0700000,0x00000000e0700000,0x00000000e1400000)
 ParOldGen       total 71680K, used 17660K [0x0000000080000000, 0x0000000084600000, 0x00000000d5580000)
  object space 71680K, 24% used [0x0000000080000000,0x000000008113f2b8,0x0000000084600000)
 Metaspace       used 52376K, capacity 54454K, committed 54616K, reserved 1095680K
  class space    used 7005K, capacity 7461K, committed 7552K, reserved 1048576K
GC Heap History (10 events):
Event: 4.421 GC heap before
{Heap before GC invocations=8 (full 1):
 PSYoungGen      total 75776K, used 3824K [0x00000000d5580000, 0x00000000de980000, 0x0000000100000000)
  eden space 65024K, 0% used [0x00000000d5580000,0x00000000d5580000,0x00000000d9500000)
  from space 10752K, 35% used [0x00000000d9500000,0x00000000d98bc040,0x00000000d9f80000)
  to   space 10752K, 0% used [0x00000000ddf00000,0x00000000ddf00000,0x00000000de980000)
 ParOldGen       total 86016K, used 9183K [0x0000000080000000, 0x0000000085400000, 0x00000000d5580000)
  object space 86016K, 10% used [0x0000000080000000,0x00000000808f7e38,0x0000000085400000)
 Metaspace       used 20538K, capacity 21204K, committed 21248K, reserved 1067008K
  class space    used 2862K, capacity 3048K, committed 3072K, reserved 1048576K
Event: 4.455 GC heap after
Heap after GC invocations=8 (full 1):
 PSYoungGen      total 75776K, used 0K [0x00000000d5580000, 0x00000000de980000, 0x0000000100000000)
  eden space 65024K, 0% used [0x00000000d5580000,0x00000000d5580000,0x00000000d9500000)
  from space 10752K, 0% used [0x00000000d9500000,0x00000000d9500000,0x00000000d9f80000)
  to   space 10752K, 0% used [0x00000000ddf00000,0x00000000ddf00000,0x00000000de980000)
 ParOldGen       total 47616K, used 6925K [0x0000000080000000, 0x0000000082e80000, 0x00000000d5580000)
  object space 47616K, 14% used [0x0000000080000000,0x00000000806c34d8,0x0000000082e80000)
 Metaspace       used 20538K, capacity 21204K, committed 21248K, reserved 1067008K
  class space    used 2862K, capacity 3048K, committed 3072K, reserved 1048576K
}
Event: 5.107 GC heap before
{Heap before GC invocations=9 (full 1):
 PSYoungGen      total 75776K, used 65024K [0x00000000d5580000, 0x00000000de980000, 0x0000000100000000)
  eden space 65024K, 100% used [0x00000000d5580000,0x00000000d9500000,0x00000000d9500000)
  from space 10752K, 0% used [0x00000000d9500000,0x00000000d9500000,0x00000000d9f80000)
  to   space 10752K, 0% used [0x00000000ddf00000,0x00000000ddf00000,0x00000000de980000)
 ParOldGen       total 47616K, used 6925K [0x0000000080000000, 0x0000000082e80000, 0x00000000d5580000)
  object space 47616K, 14% used [0x0000000080000000,0x00000000806c34d8,0x0000000082e80000)
 Metaspace       used 28376K, capacity 29230K, committed 29568K, reserved 1075200K
  class space    used 3910K, capacity 4141K, committed 4224K, reserved 1048576K
Event: 5.114 GC heap after
Heap after GC invocations=9 (full 1):
 PSYoungGen      total 130560K, used 8147K [0x00000000d5580000, 0x00000000de700000, 0x0000000100000000)
  eden space 122368K, 0% used [0x00000000d5580000,0x00000000d5580000,0x00000000dcd00000)
  from space 8192K, 99% used [0x00000000ddf00000,0x00000000de6f4f88,0x00000000de700000)
  to   space 11264K, 0% used [0x00000000dd100000,0x00000000dd100000,0x00000000ddc00000)
 ParOldGen       total 47616K, used 6933K [0x0000000080000000, 0x0000000082e80000, 0x00000000d5580000)
  object space 47616K, 14% used [0x0000000080000000,0x00000000806c54d8,0x0000000082e80000)
 Metaspace       used 28376K, capacity 29230K, committed 29568K, reserved 1075200K
  class space    used 3910K, capacity 4141K, committed 4224K, reserved 1048576K
}
Event: 5.943 GC heap before
{Heap before GC invocations=10 (full 1):
 PSYoungGen      total 130560K, used 104113K [0x00000000d5580000, 0x00000000de700000, 0x0000000100000000)
  eden space 122368K, 78% used [0x00000000d5580000,0x00000000db337588,0x00000000dcd00000)
  from space 8192K, 99% used [0x00000000ddf00000,0x00000000de6f4f88,0x00000000de700000)
  to   space 11264K, 0% used [0x00000000dd100000,0x00000000dd100000,0x00000000ddc00000)
 ParOldGen       total 47616K, used 6933K [0x0000000080000000, 0x0000000082e80000, 0x00000000d5580000)
  object space 47616K, 14% used [0x0000000080000000,0x00000000806c54d8,0x0000000082e80000)
 Metaspace       used 34219K, capacity 35392K, committed 35416K, reserved 1079296K
  class space    used 4702K, capacity 4973K, committed 4992K, reserved 1048576K
Event: 5.955 GC heap after
Heap after GC invocations=10 (full 1):
 PSYoungGen      total 137728K, used 11252K [0x00000000d5580000, 0x00000000e2400000, 0x0000000100000000)
  eden space 126464K, 0% used [0x00000000d5580000,0x00000000d5580000,0x00000000dd100000)
  from space 11264K, 99% used [0x00000000dd100000,0x00000000ddbfd0f8,0x00000000ddc00000)
  to   space 12800K, 0% used [0x00000000e1780000,0x00000000e1780000,0x00000000e2400000)
 ParOldGen       total 47616K, used 6968K [0x0000000080000000, 0x0000000082e80000, 0x00000000d5580000)
  object space 47616K, 14% used [0x0000000080000000,0x00000000806ce120,0x0000000082e80000)
 Metaspace       used 34219K, capacity 35392K, committed 35416K, reserved 1079296K
  class space    used 4702K, capacity 4973K, committed 4992K, reserved 1048576K
}
Event: 5.955 GC heap before
{Heap before GC invocations=11 (full 2):
 PSYoungGen      total 137728K, used 11252K [0x00000000d5580000, 0x00000000e2400000, 0x0000000100000000)
  eden space 126464K, 0% used [0x00000000d5580000,0x00000000d5580000,0x00000000dd100000)
  from space 11264K, 99% used [0x00000000dd100000,0x00000000ddbfd0f8,0x00000000ddc00000)
  to   space 12800K, 0% used [0x00000000e1780000,0x00000000e1780000,0x00000000e2400000)
 ParOldGen       total 47616K, used 6968K [0x0000000080000000, 0x0000000082e80000, 0x00000000d5580000)
  object space 47616K, 14% used [0x0000000080000000,0x00000000806ce120,0x0000000082e80000)
 Metaspace       used 34219K, capacity 35392K, committed 35416K, reserved 1079296K
  class space    used 4702K, capacity 4973K, committed 4992K, reserved 1048576K
Event: 6.031 GC heap after
Heap after GC invocations=11 (full 2):
 PSYoungGen      total 137728K, used 0K [0x00000000d5580000, 0x00000000e2400000, 0x0000000100000000)
  eden space 126464K, 0% used [0x00000000d5580000,0x00000000d5580000,0x00000000dd100000)
  from space 11264K, 0% used [0x00000000dd100000,0x00000000dd100000,0x00000000ddc00000)
  to   space 12800K, 0% used [0x00000000e1780000,0x00000000e1780000,0x00000000e2400000)
 ParOldGen       total 71680K, used 17652K [0x0000000080000000, 0x0000000084600000, 0x00000000d5580000)
  object space 71680K, 24% used [0x0000000080000000,0x000000008113d2b8,0x0000000084600000)
 Metaspace       used 34219K, capacity 35392K, committed 35416K, reserved 1079296K
  class space    used 4702K, capacity 4973K, committed 4992K, reserved 1048576K
}
Event: 7.339 GC heap before
{Heap before GC invocations=12 (full 2):
 PSYoungGen      total 137728K, used 126464K [0x00000000d5580000, 0x00000000e2400000, 0x0000000100000000)
  eden space 126464K, 100% used [0x00000000d5580000,0x00000000dd100000,0x00000000dd100000)
  from space 11264K, 0% used [0x00000000dd100000,0x00000000dd100000,0x00000000ddc00000)
  to   space 12800K, 0% used [0x00000000e1780000,0x00000000e1780000,0x00000000e2400000)
 ParOldGen       total 71680K, used 17652K [0x0000000080000000, 0x0000000084600000, 0x00000000d5580000)
  object space 71680K, 24% used [0x0000000080000000,0x000000008113d2b8,0x0000000084600000)
 Metaspace       used 39369K, capacity 41150K, committed 41304K, reserved 1085440K
  class space    used 5422K, capacity 5753K, committed 5760K, reserved 1048576K
Event: 7.349 GC heap after
Heap after GC invocations=12 (full 2):
 PSYoungGen      total 179200K, used 9436K [0x00000000d5580000, 0x00000000e2100000, 0x0000000100000000)
  eden space 169472K, 0% used [0x00000000d5580000,0x00000000d5580000,0x00000000dfb00000)
  from space 9728K, 97% used [0x00000000e1780000,0x00000000e20b72b0,0x00000000e2100000)
  to   space 13312K, 0% used [0x00000000e0700000,0x00000000e0700000,0x00000000e1400000)
 ParOldGen       total 71680K, used 17660K [0x0000000080000000, 0x0000000084600000, 0x00000000d5580000)
  object space 71680K, 24% used [0x0000000080000000,0x000000008113f2b8,0x0000000084600000)
 Metaspace       used 39369K, capacity 41150K, committed 41304K, reserved 1085440K
  class space    used 5422K, capacity 5753K, committed 5760K, reserved 1048576K
}

