# JRE version: OpenJDK Runtime Environment (8.0_242-b01) (build 1.8.0_242-release-1644-b01)
# Java VM: OpenJDK 64-Bit Server VM (25.242-b01 mixed mode windows-amd64 compressed oops)
Heap:
 PSYoungGen      total 215040K, used 113316K [0x00000000d5580000, 0x00000000e4500000, 0x0000000100000000)
  eden space 193536K, 47% used [0x00000000d5580000,0x00000000daf2b7e8,0x00000000e1280000)
  from space 21504K, 99% used [0x00000000e2b00000,0x00000000e3ffd978,0x00000000e4000000)
  to   space 25088K, 0% used [0x00000000e1280000,0x00000000e1280000,0x00000000e2b00000)
 ParOldGen       total 133632K, used 36045K [0x0000000080000000, 0x0000000088280000, 0x00000000d5580000)
  object space 133632K, 26% used [0x0000000080000000,0x0000000082333670,0x0000000088280000)
 Metaspace       used 83202K, capacity 87398K, committed 87512K, reserved 1124352K
  class space    used 11124K, capacity 11991K, committed 12032K, reserved 1048576K
GC Heap History (10 events):
Event: 12.545 GC heap before
{Heap before GC invocations=13 (full 2):
 PSYoungGen      total 145408K, used 144957K [0x00000000d5580000, 0x00000000dfc80000, 0x0000000100000000)
  eden space 134144K, 100% used [0x00000000d5580000,0x00000000dd880000,0x00000000dd880000)
  from space 11264K, 95% used [0x00000000df180000,0x00000000dfc0f4d0,0x00000000dfc80000)
  to   space 12800K, 0% used [0x00000000de380000,0x00000000de380000,0x00000000df000000)
 ParOldGen       total 84480K, used 14216K [0x0000000080000000, 0x0000000085280000, 0x00000000d5580000)
  object space 84480K, 16% used [0x0000000080000000,0x0000000080de23b8,0x0000000085280000)
 Metaspace       used 49348K, capacity 51624K, committed 51800K, reserved 1093632K
  class space    used 6559K, capacity 6997K, committed 7040K, reserved 1048576K
Event: 12.564 GC heap after
Heap after GC invocations=13 (full 2):
 PSYoungGen      total 158208K, used 12788K [0x00000000d5580000, 0x00000000e1a00000, 0x0000000100000000)
  eden space 145408K, 0% used [0x00000000d5580000,0x00000000d5580000,0x00000000de380000)
  from space 12800K, 99% used [0x00000000de380000,0x00000000deffd178,0x00000000df000000)
  to   space 15872K, 0% used [0x00000000e0a80000,0x00000000e0a80000,0x00000000e1a00000)
 ParOldGen       total 84480K, used 18913K [0x0000000080000000, 0x0000000085280000, 0x00000000d5580000)
  object space 84480K, 22% used [0x0000000080000000,0x0000000081278470,0x0000000085280000)
 Metaspace       used 49348K, capacity 51624K, committed 51800K, reserved 1093632K
  class space    used 6559K, capacity 6997K, committed 7040K, reserved 1048576K
}
Event: 13.868 GC heap before
{Heap before GC invocations=14 (full 2):
 PSYoungGen      total 158208K, used 112265K [0x00000000d5580000, 0x00000000e1a00000, 0x0000000100000000)
  eden space 145408K, 68% used [0x00000000d5580000,0x00000000db6a53b8,0x00000000de380000)
  from space 12800K, 99% used [0x00000000de380000,0x00000000deffd178,0x00000000df000000)
  to   space 15872K, 0% used [0x00000000e0a80000,0x00000000e0a80000,0x00000000e1a00000)
 ParOldGen       total 84480K, used 18913K [0x0000000080000000, 0x0000000085280000, 0x00000000d5580000)
  object space 84480K, 22% used [0x0000000080000000,0x0000000081278470,0x0000000085280000)
 Metaspace       used 56462K, capacity 58972K, committed 59028K, reserved 1099776K
  class space    used 7414K, capacity 7903K, committed 7936K, reserved 1048576K
Event: 13.890 GC heap after
Heap after GC invocations=14 (full 2):
 PSYoungGen      total 180736K, used 15841K [0x00000000d5580000, 0x00000000e3280000, 0x0000000100000000)
  eden space 164864K, 0% used [0x00000000d5580000,0x00000000d5580000,0x00000000df680000)
  from space 15872K, 99% used [0x00000000e0a80000,0x00000000e19f8480,0x00000000e1a00000)
  to   space 20480K, 0% used [0x00000000df680000,0x00000000df680000,0x00000000e0a80000)
 ParOldGen       total 84480K, used 25804K [0x0000000080000000, 0x0000000085280000, 0x00000000d5580000)
  object space 84480K, 30% used [0x0000000080000000,0x00000000819332f0,0x0000000085280000)
 Metaspace       used 56462K, capacity 58972K, committed 59028K, reserved 1099776K
  class space    used 7414K, capacity 7903K, committed 7936K, reserved 1048576K
}
Event: 13.890 GC heap before
{Heap before GC invocations=15 (full 3):
 PSYoungGen      total 180736K, used 15841K [0x00000000d5580000, 0x00000000e3280000, 0x0000000100000000)
  eden space 164864K, 0% used [0x00000000d5580000,0x00000000d5580000,0x00000000df680000)
  from space 15872K, 99% used [0x00000000e0a80000,0x00000000e19f8480,0x00000000e1a00000)
  to   space 20480K, 0% used [0x00000000df680000,0x00000000df680000,0x00000000e0a80000)
 ParOldGen       total 84480K, used 25804K [0x0000000080000000, 0x0000000085280000, 0x00000000d5580000)
  object space 84480K, 30% used [0x0000000080000000,0x00000000819332f0,0x0000000085280000)
 Metaspace       used 56462K, capacity 58972K, committed 59028K, reserved 1099776K
  class space    used 7414K, capacity 7903K, committed 7936K, reserved 1048576K
Event: 14.140 GC heap after
Heap after GC invocations=15 (full 3):
 PSYoungGen      total 180736K, used 0K [0x00000000d5580000, 0x00000000e3280000, 0x0000000100000000)
  eden space 164864K, 0% used [0x00000000d5580000,0x00000000d5580000,0x00000000df680000)
  from space 15872K, 0% used [0x00000000e0a80000,0x00000000e0a80000,0x00000000e1a00000)
  to   space 20480K, 0% used [0x00000000df680000,0x00000000df680000,0x00000000e0a80000)
 ParOldGen       total 133632K, used 34559K [0x0000000080000000, 0x0000000088280000, 0x00000000d5580000)
  object space 133632K, 25% used [0x0000000080000000,0x00000000821bffe0,0x0000000088280000)
 Metaspace       used 56346K, capacity 58664K, committed 59028K, reserved 1099776K
  class space    used 7382K, capacity 7860K, committed 7936K, reserved 1048576K
}
Event: 16.675 GC heap before
{Heap before GC invocations=16 (full 3):
 PSYoungGen      total 180736K, used 164864K [0x00000000d5580000, 0x00000000e3280000, 0x0000000100000000)
  eden space 164864K, 100% used [0x00000000d5580000,0x00000000df680000,0x00000000df680000)
  from space 15872K, 0% used [0x00000000e0a80000,0x00000000e0a80000,0x00000000e1a00000)
  to   space 20480K, 0% used [0x00000000df680000,0x00000000df680000,0x00000000e0a80000)
 ParOldGen       total 133632K, used 34559K [0x0000000080000000, 0x0000000088280000, 0x00000000d5580000)
  object space 133632K, 25% used [0x0000000080000000,0x00000000821bffe0,0x0000000088280000)
 Metaspace       used 66626K, capacity 69526K, committed 69848K, reserved 1110016K
  class space    used 9012K, capacity 9597K, committed 9728K, reserved 1048576K
Event: 16.697 GC heap after
Heap after GC invocations=16 (full 3):
 PSYoungGen      total 185344K, used 15091K [0x00000000d5580000, 0x00000000e4000000, 0x0000000100000000)
  eden space 164864K, 0% used [0x00000000d5580000,0x00000000d5580000,0x00000000df680000)
  from space 20480K, 73% used [0x00000000df680000,0x00000000e053cc38,0x00000000e0a80000)
  to   space 21504K, 0% used [0x00000000e2b00000,0x00000000e2b00000,0x00000000e4000000)
 ParOldGen       total 133632K, used 34567K [0x0000000080000000, 0x0000000088280000, 0x00000000d5580000)
  object space 133632K, 25% used [0x0000000080000000,0x00000000821c1fe0,0x0000000088280000)
 Metaspace       used 66626K, capacity 69526K, committed 69848K, reserved 1110016K
  class space    used 9012K, capacity 9597K, committed 9728K, reserved 1048576K
}
Event: 19.848 GC heap before
{Heap before GC invocations=17 (full 3):
 PSYoungGen      total 185344K, used 179955K [0x00000000d5580000, 0x00000000e4000000, 0x0000000100000000)
  eden space 164864K, 100% used [0x00000000d5580000,0x00000000df680000,0x00000000df680000)
  from space 20480K, 73% used [0x00000000df680000,0x00000000e053cc38,0x00000000e0a80000)
  to   space 21504K, 0% used [0x00000000e2b00000,0x00000000e2b00000,0x00000000e4000000)
 ParOldGen       total 133632K, used 34567K [0x0000000080000000, 0x0000000088280000, 0x00000000d5580000)
  object space 133632K, 25% used [0x0000000080000000,0x00000000821c1fe0,0x0000000088280000)
 Metaspace       used 75880K, capacity 79808K, committed 79960K, reserved 1118208K
  class space    used 10335K, capacity 11107K, committed 11136K, reserved 1048576K
Event: 19.869 GC heap after
Heap after GC invocations=17 (full 3):
 PSYoungGen      total 215040K, used 21494K [0x00000000d5580000, 0x00000000e4500000, 0x0000000100000000)
  eden space 193536K, 0% used [0x00000000d5580000,0x00000000d5580000,0x00000000e1280000)
  from space 21504K, 99% used [0x00000000e2b00000,0x00000000e3ffd978,0x00000000e4000000)
  to   space 25088K, 0% used [0x00000000e1280000,0x00000000e1280000,0x00000000e2b00000)
 ParOldGen       total 133632K, used 36045K [0x0000000080000000, 0x0000000088280000, 0x00000000d5580000)
  object space 133632K, 26% used [0x0000000080000000,0x0000000082333670,0x0000000088280000)
 Metaspace       used 75880K, capacity 79808K, committed 79960K, reserved 1118208K
  class space    used 10335K, capacity 11107K, committed 11136K, reserved 1048576K
}

