# JRE version: OpenJDK Runtime Environment (8.0_242-b01) (build 1.8.0_242-release-1644-b01)
# Java VM: OpenJDK 64-Bit Server VM (25.242-b01 mixed mode windows-amd64 compressed oops)
Heap:
 PSYoungGen      total 239616K, used 85043K [0x00000000d5580000, 0x00000000e7980000, 0x0000000100000000)
  eden space 219648K, 38% used [0x00000000d5580000,0x00000000da88cc98,0x00000000e2c00000)
  from space 19968K, 0% used [0x00000000e4000000,0x00000000e4000000,0x00000000e5380000)
  to   space 20480K, 0% used [0x00000000e2c00000,0x00000000e2c00000,0x00000000e4000000)
 ParOldGen       total 101888K, used 28529K [0x0000000080000000, 0x0000000086380000, 0x00000000d5580000)
  object space 101888K, 28% used [0x0000000080000000,0x0000000081bdc448,0x0000000086380000)
 Metaspace       used 62704K, capacity 65094K, committed 65368K, reserved 1105920K
  class space    used 8533K, capacity 8994K, committed 9088K, reserved 1048576K
GC Heap History (10 events):
Event: 6.985 GC heap before
{Heap before GC invocations=11 (full 2):
 PSYoungGen      total 137728K, used 11225K [0x00000000d5580000, 0x00000000e2280000, 0x0000000100000000)
  eden space 126464K, 0% used [0x00000000d5580000,0x00000000d5580000,0x00000000dd100000)
  from space 11264K, 99% used [0x00000000dd100000,0x00000000ddbf6600,0x00000000ddc00000)
  to   space 12800K, 0% used [0x00000000e1600000,0x00000000e1600000,0x00000000e2280000)
 ParOldGen       total 47616K, used 6951K [0x0000000080000000, 0x0000000082e80000, 0x00000000d5580000)
  object space 47616K, 14% used [0x0000000080000000,0x00000000806c9c78,0x0000000082e80000)
 Metaspace       used 34257K, capacity 35392K, committed 35416K, reserved 1079296K
  class space    used 4710K, capacity 4973K, committed 4992K, reserved 1048576K
Event: 7.060 GC heap after
Heap after GC invocations=11 (full 2):
 PSYoungGen      total 137728K, used 0K [0x00000000d5580000, 0x00000000e2280000, 0x0000000100000000)
  eden space 126464K, 0% used [0x00000000d5580000,0x00000000d5580000,0x00000000dd100000)
  from space 11264K, 0% used [0x00000000dd100000,0x00000000dd100000,0x00000000ddc00000)
  to   space 12800K, 0% used [0x00000000e1600000,0x00000000e1600000,0x00000000e2280000)
 ParOldGen       total 72704K, used 17654K [0x0000000080000000, 0x0000000084700000, 0x00000000d5580000)
  object space 72704K, 24% used [0x0000000080000000,0x000000008113db68,0x0000000084700000)
 Metaspace       used 34257K, capacity 35392K, committed 35416K, reserved 1079296K
  class space    used 4710K, capacity 4973K, committed 4992K, reserved 1048576K
}
Event: 8.739 GC heap before
{Heap before GC invocations=12 (full 2):
 PSYoungGen      total 137728K, used 126464K [0x00000000d5580000, 0x00000000e2280000, 0x0000000100000000)
  eden space 126464K, 100% used [0x00000000d5580000,0x00000000dd100000,0x00000000dd100000)
  from space 11264K, 0% used [0x00000000dd100000,0x00000000dd100000,0x00000000ddc00000)
  to   space 12800K, 0% used [0x00000000e1600000,0x00000000e1600000,0x00000000e2280000)
 ParOldGen       total 72704K, used 17654K [0x0000000080000000, 0x0000000084700000, 0x00000000d5580000)
  object space 72704K, 24% used [0x0000000080000000,0x000000008113db68,0x0000000084700000)
 Metaspace       used 40070K, capacity 41836K, committed 41944K, reserved 1085440K
  class space    used 5438K, capacity 5788K, committed 5888K, reserved 1048576K
Event: 8.749 GC heap after
Heap after GC invocations=12 (full 2):
 PSYoungGen      total 178688K, used 10234K [0x00000000d5580000, 0x00000000e2000000, 0x0000000100000000)
  eden space 168448K, 0% used [0x00000000d5580000,0x00000000d5580000,0x00000000dfa00000)
  from space 10240K, 99% used [0x00000000e1600000,0x00000000e1ffea68,0x00000000e2000000)
  to   space 13312K, 0% used [0x00000000e0600000,0x00000000e0600000,0x00000000e1300000)
 ParOldGen       total 72704K, used 17662K [0x0000000080000000, 0x0000000084700000, 0x00000000d5580000)
  object space 72704K, 24% used [0x0000000080000000,0x000000008113fb68,0x0000000084700000)
 Metaspace       used 40070K, capacity 41836K, committed 41944K, reserved 1085440K
  class space    used 5438K, capacity 5788K, committed 5888K, reserved 1048576K
}
Event: 10.925 GC heap before
{Heap before GC invocations=13 (full 2):
 PSYoungGen      total 178688K, used 178682K [0x00000000d5580000, 0x00000000e2000000, 0x0000000100000000)
  eden space 168448K, 100% used [0x00000000d5580000,0x00000000dfa00000,0x00000000dfa00000)
  from space 10240K, 99% used [0x00000000e1600000,0x00000000e1ffea68,0x00000000e2000000)
  to   space 13312K, 0% used [0x00000000e0600000,0x00000000e0600000,0x00000000e1300000)
 ParOldGen       total 72704K, used 17662K [0x0000000080000000, 0x0000000084700000, 0x00000000d5580000)
  object space 72704K, 24% used [0x0000000080000000,0x000000008113fb68,0x0000000084700000)
 Metaspace       used 56342K, capacity 58588K, committed 58840K, reserved 1099776K
  class space    used 7505K, capacity 7934K, committed 7936K, reserved 1048576K
Event: 10.951 GC heap after
Heap after GC invocations=13 (full 2):
 PSYoungGen      total 194048K, used 13282K [0x00000000d5580000, 0x00000000e5380000, 0x0000000100000000)
  eden space 180736K, 0% used [0x00000000d5580000,0x00000000d5580000,0x00000000e0600000)
  from space 13312K, 99% used [0x00000000e0600000,0x00000000e12f8838,0x00000000e1300000)
  to   space 19968K, 0% used [0x00000000e4000000,0x00000000e4000000,0x00000000e5380000)
 ParOldGen       total 72704K, used 31403K [0x0000000080000000, 0x0000000084700000, 0x00000000d5580000)
  object space 72704K, 43% used [0x0000000080000000,0x0000000081eaaca8,0x0000000084700000)
 Metaspace       used 56342K, capacity 58588K, committed 58840K, reserved 1099776K
  class space    used 7505K, capacity 7934K, committed 7936K, reserved 1048576K
}
Event: 10.995 GC heap before
{Heap before GC invocations=14 (full 2):
 PSYoungGen      total 194048K, used 16645K [0x00000000d5580000, 0x00000000e5380000, 0x0000000100000000)
  eden space 180736K, 1% used [0x00000000d5580000,0x00000000d58c8e68,0x00000000e0600000)
  from space 13312K, 99% used [0x00000000e0600000,0x00000000e12f8838,0x00000000e1300000)
  to   space 19968K, 0% used [0x00000000e4000000,0x00000000e4000000,0x00000000e5380000)
 ParOldGen       total 72704K, used 31403K [0x0000000080000000, 0x0000000084700000, 0x00000000d5580000)
  object space 72704K, 43% used [0x0000000080000000,0x0000000081eaaca8,0x0000000084700000)
 Metaspace       used 56623K, capacity 58844K, committed 58968K, reserved 1099776K
  class space    used 7563K, capacity 7998K, committed 8064K, reserved 1048576K
Event: 11.003 GC heap after
Heap after GC invocations=14 (full 2):
 PSYoungGen      total 239616K, used 480K [0x00000000d5580000, 0x00000000e7980000, 0x0000000100000000)
  eden space 219648K, 0% used [0x00000000d5580000,0x00000000d5580000,0x00000000e2c00000)
  from space 19968K, 2% used [0x00000000e4000000,0x00000000e4078000,0x00000000e5380000)
  to   space 20480K, 0% used [0x00000000e2c00000,0x00000000e2c00000,0x00000000e4000000)
 ParOldGen       total 72704K, used 41742K [0x0000000080000000, 0x0000000084700000, 0x00000000d5580000)
  object space 72704K, 57% used [0x0000000080000000,0x00000000828c39a0,0x0000000084700000)
 Metaspace       used 56623K, capacity 58844K, committed 58968K, reserved 1099776K
  class space    used 7563K, capacity 7998K, committed 8064K, reserved 1048576K
}
Event: 11.004 GC heap before
{Heap before GC invocations=15 (full 3):
 PSYoungGen      total 239616K, used 480K [0x00000000d5580000, 0x00000000e7980000, 0x0000000100000000)
  eden space 219648K, 0% used [0x00000000d5580000,0x00000000d5580000,0x00000000e2c00000)
  from space 19968K, 2% used [0x00000000e4000000,0x00000000e4078000,0x00000000e5380000)
  to   space 20480K, 0% used [0x00000000e2c00000,0x00000000e2c00000,0x00000000e4000000)
 ParOldGen       total 72704K, used 41742K [0x0000000080000000, 0x0000000084700000, 0x00000000d5580000)
  object space 72704K, 57% used [0x0000000080000000,0x00000000828c39a0,0x0000000084700000)
 Metaspace       used 56623K, capacity 58844K, committed 58968K, reserved 1099776K
  class space    used 7563K, capacity 7998K, committed 8064K, reserved 1048576K
Event: 11.252 GC heap after
Heap after GC invocations=15 (full 3):
 PSYoungGen      total 239616K, used 0K [0x00000000d5580000, 0x00000000e7980000, 0x0000000100000000)
  eden space 219648K, 0% used [0x00000000d5580000,0x00000000d5580000,0x00000000e2c00000)
  from space 19968K, 0% used [0x00000000e4000000,0x00000000e4000000,0x00000000e5380000)
  to   space 20480K, 0% used [0x00000000e2c00000,0x00000000e2c00000,0x00000000e4000000)
 ParOldGen       total 101888K, used 28529K [0x0000000080000000, 0x0000000086380000, 0x00000000d5580000)
  object space 101888K, 28% used [0x0000000080000000,0x0000000081bdc448,0x0000000086380000)
 Metaspace       used 56540K, capacity 58588K, committed 58968K, reserved 1099776K
  class space    used 7537K, capacity 7960K, committed 8064K, reserved 1048576K
}

